#
# There is insufficient memory for the Java Runtime Environment to continue.
# Native memory allocation (malloc) failed to allocate 1048576 bytes for AllocateHeap
# Possible reasons:
#   The system is out of physical RAM or swap space
#   The process is running with CompressedOops enabled, and the Java Heap may be blocking the growth of the native heap
# Possible solutions:
#   Reduce memory load on the system
#   Increase physical memory or swap space
#   Check if swap backing store is full
#   Decrease Java heap size (-Xmx/-Xms)
#   Decrease number of Java threads
#   Decrease Java thread stack sizes (-Xss)
#   Set larger code cache with -XX:ReservedCodeCacheSize=
#   JVM is running with Unscaled Compressed Oops mode in which the Java heap is
#     placed in the first 4GB address space. The Java Heap base address is the
#     maximum limit for the native heap growth. Please use -XX:HeapBaseMinAddress
#     to set the Java Heap base and to place the Java Heap above 4GB virtual address.
# This output file may be truncated or incomplete.
#
#  Out of Memory Error (memory/allocation.inline.hpp:61), pid=5892, tid=0x0000000000000360
#
# JRE version:  (8.0_251-b08) (build )
# Java VM: Java HotSpot(TM) 64-Bit Server VM (25.251-b08 mixed mode windows-amd64 compressed oops)
# Failed to write core dump. Minidumps are not enabled by default on client versions of Windows
#

---------------  T H R E A D  ---------------

Current thread (0x00000000032b3000):  JavaThread "Unknown thread" [_thread_in_vm, id=864, stack(0x0000000003020000,0x0000000003120000)]

Stack: [0x0000000003020000,0x0000000003120000]
[error occurred during error reporting (printing stack bounds), id 0xc0000005]

Native frames: (J=compiled Java code, j=interpreted, Vv=VM code, C=native code)


---------------  P R O C E S S  ---------------

Java Threads: ( => current thread )

Other Threads:

=>0x00000000032b3000 (exited) JavaThread "Unknown thread" [_thread_in_vm, id=864, stack(0x0000000003020000,0x0000000003120000)]

VM state:not at safepoint (normal execution)

VM Mutex/Monitor currently owned by a thread: None

heap address: 0x0000000082e00000, size: 2002 MB, Compressed Oops mode: 32-bit
Narrow klass base: 0x0000000000000000, Narrow klass shift: 3
Compressed class space size: 1073741824 Address: 0x0000000100000000

Heap:
 PSYoungGen      total 37888K, used 655K [0x00000000d6500000, 0x00000000d8f00000, 0x0000000100000000)
  eden space 32768K, 2% used [0x00000000d6500000,0x00000000d65a3d80,0x00000000d8500000)
  from space 5120K, 0% used [0x00000000d8a00000,0x00000000d8a00000,0x00000000d8f00000)
  to   space 5120K, 0% used [0x00000000d8500000,0x00000000d8500000,0x00000000d8a00000)
 ParOldGen       total 86016K, used 0K [0x0000000082e00000, 0x0000000088200000, 0x00000000d6500000)
  object space 86016K, 0% used [0x0000000082e00000,0x0000000082e00000,0x0000000088200000)
 Metaspace       used 776K, capacity 4480K, committed 4480K, reserved 1056768K
  class space    used 76K, capacity 384K, committed 384K, reserved 1048576K

Card table byte_map: [0x0000000012770000,0x0000000012b60000] byte_map_base: 0x0000000012359000

Marking Bits: (ParMarkBitMap*) 0x000000006732af90
 Begin Bits: [0x0000000013200000, 0x0000000015148000)
 End Bits:   [0x0000000015148000, 0x0000000017090000)

Polling page: 0x0000000001410000

CodeCache: size=245760Kb used=328Kb max_used=328Kb free=245431Kb
 bounds [0x00000000033b0000, 0x0000000003620000, 0x00000000123b0000]
 total_blobs=58 nmethods=0 adapters=38
 compilation: enabled

Compilation events (0 events):
No events

GC Heap History (0 events):
No events

Deoptimization events (0 events):
No events

Classes redefined (0 events):
No events

Internal exceptions (0 events):
No events

Events (10 events):
Event: 0.038 loading class java/lang/Short
Event: 0.038 loading class java/lang/Short done
Event: 0.038 loading class java/lang/Integer
Event: 0.038 loading class java/lang/Integer done
Event: 0.038 loading class java/lang/Long
Event: 0.038 loading class java/lang/Long done
Event: 0.039 loading class java/lang/NullPointerException
Event: 0.040 loading class java/lang/NullPointerException done
Event: 0.040 loading class java/lang/ArithmeticException
Event: 0.040 loading class java/lang/ArithmeticException done


Dynamic libraries:
0x00007ff788590000 - 0x00007ff7885c7000 	D:\Program Files\Java\jdk1.8.0_251\bin\java.exe
0x00007ffaac330000 - 0x00007ffaac526000 	C:\Windows\SYSTEM32\ntdll.dll
0x00007ffaaa540000 - 0x00007ffaaa5fd000 	C:\Windows\System32\KERNEL32.DLL
0x00007ffaa9cb0000 - 0x00007ffaa9f78000 	C:\Windows\System32\KERNELBASE.dll
0x00007ffaaa410000 - 0x00007ffaaa4ba000 	C:\Windows\System32\ADVAPI32.dll
0x00007ffaaa370000 - 0x00007ffaaa40e000 	C:\Windows\System32\msvcrt.dll
0x00007ffaabbb0000 - 0x00007ffaabc4b000 	C:\Windows\System32\sechost.dll
0x00007ffaac010000 - 0x00007ffaac134000 	C:\Windows\System32\RPCRT4.dll
0x00007ffaab910000 - 0x00007ffaabab0000 	C:\Windows\System32\USER32.dll
0x00007ffaaa340000 - 0x00007ffaaa362000 	C:\Windows\System32\win32u.dll
0x00007ffaab220000 - 0x00007ffaab24a000 	C:\Windows\System32\GDI32.dll
0x00007ffaaa030000 - 0x00007ffaaa139000 	C:\Windows\System32\gdi32full.dll
0x00007ffaaa140000 - 0x00007ffaaa1dd000 	C:\Windows\System32\msvcp_win.dll
0x00007ffaa9a50000 - 0x00007ffaa9b50000 	C:\Windows\System32\ucrtbase.dll
0x00007ffa9a640000 - 0x00007ffa9a8db000 	C:\Windows\WinSxS\amd64_microsoft.windows.common-controls_6595b64144ccf1df_6.0.19041.488_none_ca04af081b815d21\COMCTL32.dll
0x00007ffaab1f0000 - 0x00007ffaab220000 	C:\Windows\System32\IMM32.DLL
0x00000000673b0000 - 0x0000000067482000 	D:\Program Files\Java\jdk1.8.0_251\jre\bin\msvcr100.dll
0x0000000066b00000 - 0x00000000673ab000 	D:\Program Files\Java\jdk1.8.0_251\jre\bin\server\jvm.dll
0x00007ffaaa600000 - 0x00007ffaaa608000 	C:\Windows\System32\PSAPI.DLL
0x00007ffa99b60000 - 0x00007ffa99b87000 	C:\Windows\SYSTEM32\WINMM.dll
0x00007ffaa5180000 - 0x00007ffaa5189000 	C:\Windows\SYSTEM32\WSOCK32.dll
0x00007ffaa2b20000 - 0x00007ffaa2b2a000 	C:\Windows\SYSTEM32\VERSION.dll
0x00007ffaaa6c0000 - 0x00007ffaaa72b000 	C:\Windows\System32\WS2_32.dll
0x00007ffaa51c0000 - 0x00007ffaa51cf000 	D:\Program Files\Java\jdk1.8.0_251\jre\bin\verify.dll
0x00007ffaa3cb0000 - 0x00007ffaa3cd9000 	D:\Program Files\Java\jdk1.8.0_251\jre\bin\java.dll
0x00007ffa9a610000 - 0x00007ffa9a633000 	D:\Program Files\Java\jdk1.8.0_251\jre\bin\instrument.dll
0x00007ffaa38d0000 - 0x00007ffaa38e6000 	D:\Program Files\Java\jdk1.8.0_251\jre\bin\zip.dll

VM Arguments:
jvm_args: -javaagent:C:\Program Files\JetBrains\IntelliJ IDEA Community Edition 2020.3\lib\idea_rt.jar=58178:C:\Program Files\JetBrains\IntelliJ IDEA Community Edition 2020.3\bin -Dfile.encoding=UTF-8 
java_command: ru.gb.java1.Main
java_class_path (initial): D:\Program Files\Java\jdk1.8.0_251\jre\lib\charsets.jar;D:\Program Files\Java\jdk1.8.0_251\jre\lib\deploy.jar;D:\Program Files\Java\jdk1.8.0_251\jre\lib\ext\access-bridge-64.jar;D:\Program Files\Java\jdk1.8.0_251\jre\lib\ext\cldrdata.jar;D:\Program Files\Java\jdk1.8.0_251\jre\lib\ext\dnsns.jar;D:\Program Files\Java\jdk1.8.0_251\jre\lib\ext\jaccess.jar;D:\Program Files\Java\jdk1.8.0_251\jre\lib\ext\jfxrt.jar;D:\Program Files\Java\jdk1.8.0_251\jre\lib\ext\localedata.jar;D:\Program Files\Java\jdk1.8.0_251\jre\lib\ext\nashorn.jar;D:\Program Files\Java\jdk1.8.0_251\jre\lib\ext\sunec.jar;D:\Program Files\Java\jdk1.8.0_251\jre\lib\ext\sunjce_provider.jar;D:\Program Files\Java\jdk1.8.0_251\jre\lib\ext\sunmscapi.jar;D:\Program Files\Java\jdk1.8.0_251\jre\lib\ext\sunpkcs11.jar;D:\Program Files\Java\jdk1.8.0_251\jre\lib\ext\zipfs.jar;D:\Program Files\Java\jdk1.8.0_251\jre\lib\javaws.jar;D:\Program Files\Java\jdk1.8.0_251\jre\lib\jce.jar;D:\Program Files\Java\jdk1.8.0_251\jre\lib\jfr.jar;D:\Program Files\Java\jdk1.8.0_251\jre\lib\jfxswt.jar;D:\Program Files\Java\jdk1.8.0_251\jre\lib\jsse.jar;D:\Program Files\Java\jdk1.8.0_251\jre\lib\management-agent.jar;D:\Program Files\Java\jdk1.8.0_251\jre\lib\plugin.jar;D:\Program Files\Java\jdk1.8.0_251\jre\lib\resources.jar;D:\Program Files\Java\jdk1.8.0_251\jre\lib\rt.jar;C:\Users\sonicx\IdeaProjects\GBJavaCore1\lesson4\out\production\lesson4;C:\Program Files\JetBrains\IntelliJ IDEA Community Edition 2020.3\lib\idea_rt.jar
Launcher Type: SUN_STANDARD

Environment Variables:
PATH=C:\Windows\system32;C:\Windows;C:\Windows\System32\Wbem;C:\Windows\System32\WindowsPowerShell\v1.0\;C:\Windows\System32\OpenSSH\;C:\Program Files (x86)\NVIDIA Corporation\PhysX\Common;C:\Program Files\NVIDIA Corporation\NVIDIA NvDLISR;C:\Program Files\Git\cmd;C:\Users\sonicx\AppData\Local\Microsoft\WindowsApps;C:\Users\sonicx\AppData\Local\Programs\Microsoft VS Code\bin;C:\Program Files\JetBrains\IntelliJ IDEA Community Edition 2020.3\bin;C:\Users\sonicx\AppData\Local\gitkraken\bin
USERNAME=sonicx
OS=Windows_NT
PROCESSOR_IDENTIFIER=Intel64 Family 6 Model 58 Stepping 9, GenuineIntel



---------------  S Y S T E M  ---------------

OS: Windows 10.0 , 64 bit Build 19041 (10.0.19041.546)

CPU:total 4 (initial active 4) (2 cores per cpu, 2 threads per core) family 6 model 58 stepping 9, cmov, cx8, fxsr, mmx, sse, sse2, sse3, ssse3, sse4.1, sse4.2, popcnt, avx, aes, clmul, erms, ht, tsc, tscinvbit, tscinv

Memory: 4k page, physical 8199448k(1309940k free), swap 11189528k(4164k free)

vm_info: Java HotSpot(TM) 64-Bit Server VM (25.251-b08) for windows-amd64 JRE (1.8.0_251-b08), built on Mar 12 2020 06:31:49 by "" with MS VC++ 10.0 (VS2010)

time: Wed Mar 10 01:40:10 2021
timezone: RTZ 2 (зима)
elapsed time: 0 seconds (0d 0h 0m 0s)

